生成启动时间为 2021/8/31 19:33:50。
     1>项目“E:\Test\8-31\8-31\8-31.vcxproj”在节点 2 上(Build 个目标)。
     1>ClCompile:
         D:\Visual  Studio 2012\VC\bin\CL.exe /c /ZI /nologo /W3 /WX- /Od /Oy- /D _MBCS /Gm /EHsc /RTC1 /MDd /GS /fp:precise /Zc:wchar_t /Zc:forScope /Fo"Debug\\" /Fd"Debug\vc110.pdb" /Gd /TC /analyze- /errorReport:prompt test.c
         test.c
     1>e:\test\8-31\8-31\test.c(9): error C2143: 语法错误 : 缺少“;”(在“类型”的前面)
     1>e:\test\8-31\8-31\test.c(10): error C2143: 语法错误 : 缺少“;”(在“类型”的前面)
     1>e:\test\8-31\8-31\test.c(11): error C2143: 语法错误 : 缺少“;”(在“类型”的前面)
     1>e:\test\8-31\8-31\test.c(12): error C2065: “i”: 未声明的标识符
     1>e:\test\8-31\8-31\test.c(14): error C2065: “ret”: 未声明的标识符
     1>e:\test\8-31\8-31\test.c(15): error C2065: “sum”: 未声明的标识符
     1>e:\test\8-31\8-31\test.c(15): error C2065: “ret”: 未声明的标识符
     1>e:\test\8-31\8-31\test.c(17): error C2065: “sum”: 未声明的标识符
     1>已完成生成项目“E:\Test\8-31\8-31\8-31.vcxproj”(Build 个目标)的操作 - 失败。

生成失败。

已用时间 00:00:02.99
